{"timestamp":"2025-09-18T22:59:30.715687","level":"info","event":"DAG bundles loaded: dags-folder","logger":"airflow.dag_processing.bundles.manager.DagBundlesManager"}
{"timestamp":"2025-09-18T22:59:30.716030","level":"info","event":"Filling up the DagBag from /opt/airflow/dags/cr_ingestion_dag.py","logger":"airflow.models.dagbag.DagBag"}
{"timestamp":"2025-09-18T22:59:31.599479Z","level":"error","event":"25/09/18 22:59:31 WARN NativeCodeLoader: Unable to load native-hadoop library for your platform... using builtin-java classes where applicable","chan":"stderr","logger":"task"}
{"timestamp":"2025-09-18T22:59:31.683708Z","level":"error","event":"Setting default log level to \"WARN\".","chan":"stderr","logger":"task"}
{"timestamp":"2025-09-18T22:59:31.683911Z","level":"error","event":"To adjust logging level use sc.setLogLevel(newLevel). For SparkR, use setLogLevel(newLevel).","chan":"stderr","logger":"task"}
{"timestamp":"2025-09-18T22:59:33.093143Z","level":"error","event":"25/09/18 22:59:33 WARN MetricsConfig: Cannot locate configuration: tried hadoop-metrics2-s3a-file-system.properties,hadoop-metrics2.properties","chan":"stderr","logger":"task"}
{"timestamp":"2025-09-18T22:59:35.752368Z","level":"info","event":"+----------+-------------+--------+------------+--------------------+--------------------+","chan":"stdout","logger":"task"}
{"timestamp":"2025-09-18T22:59:35.752511Z","level":"info","event":"|       tag|         name|expLevel|bestTrophies|         currentDeck|                clan|","chan":"stdout","logger":"task"}
{"timestamp":"2025-09-18T22:59:35.752551Z","level":"info","event":"+----------+-------------+--------+------------+--------------------+--------------------+","chan":"stdout","logger":"task"}
{"timestamp":"2025-09-18T22:59:35.752580Z","level":"info","event":"| #VP9GJYQ2|     xAlee ✌️|      70|        8544|[{0, 3, 1, {https...|{16000161, Calala...|","chan":"stdout","logger":"task"}
{"timestamp":"2025-09-18T22:59:35.752608Z","level":"info","event":"|#G9YV9GR8R|Mohamed Light|      70|       10000|[{0, 4, 1, {https...|{16000002, Hey, #...|","chan":"stdout","logger":"task"}
{"timestamp":"2025-09-18T22:59:35.752633Z","level":"info","event":"|#C0RL8CVCR|  zelarayann_|      44|        9444|[{0, 7, 1, {https...|{16000024, Los be...|","chan":"stdout","logger":"task"}
{"timestamp":"2025-09-18T22:59:35.752657Z","level":"info","event":"|#2PPCJ0UUP|   RΣΔLΠΩҒΔҜΣ|      46|        9878|[{0, 3, 1, {https...|{16000013, cordob...|","chan":"stdout","logger":"task"}
{"timestamp":"2025-09-18T22:59:35.752681Z","level":"info","event":"|#22GPGCVCV|      Diego02|      53|        9837|[{0, 3, 1, {https...|                NULL|","chan":"stdout","logger":"task"}
{"timestamp":"2025-09-18T22:59:35.752703Z","level":"info","event":"|#2L8JG2GRJ|         Shay|      40|        9322|[{0, 3, 1, {https...|{16000000, HotPoc...|","chan":"stdout","logger":"task"}
{"timestamp":"2025-09-18T22:59:35.752725Z","level":"info","event":"+----------+-------------+--------+------------+--------------------+--------------------+","chan":"stdout","logger":"task"}
{"timestamp":"2025-09-18T22:59:35.752748Z","level":"info","event":"","chan":"stdout","logger":"task"}
{"timestamp":"2025-09-18T22:59:35.960302Z","level":"info","event":"+----------+-------------+---------+-------------+--------------------+--------------------+","chan":"stdout","logger":"task"}
{"timestamp":"2025-09-18T22:59:35.960415Z","level":"info","event":"|       tag|         name|exp_level|best_trophies|        current_deck|                clan|","chan":"stdout","logger":"task"}
{"timestamp":"2025-09-18T22:59:35.960449Z","level":"info","event":"+----------+-------------+---------+-------------+--------------------+--------------------+","chan":"stdout","logger":"task"}
{"timestamp":"2025-09-18T22:59:35.960476Z","level":"info","event":"| #VP9GJYQ2|     xAlee ✌️|       70|         8544|[{0, 3, 1, {https...|{16000161, Calala...|","chan":"stdout","logger":"task"}
{"timestamp":"2025-09-18T22:59:35.960502Z","level":"info","event":"|#G9YV9GR8R|Mohamed Light|       70|        10000|[{0, 4, 1, {https...|{16000002, Hey, #...|","chan":"stdout","logger":"task"}
{"timestamp":"2025-09-18T22:59:35.960531Z","level":"info","event":"|#C0RL8CVCR|  zelarayann_|       44|         9444|[{0, 7, 1, {https...|{16000024, Los be...|","chan":"stdout","logger":"task"}
{"timestamp":"2025-09-18T22:59:35.960560Z","level":"info","event":"|#2PPCJ0UUP|   RΣΔLΠΩҒΔҜΣ|       46|         9878|[{0, 3, 1, {https...|{16000013, cordob...|","chan":"stdout","logger":"task"}
{"timestamp":"2025-09-18T22:59:35.960583Z","level":"info","event":"|#22GPGCVCV|      Diego02|       53|         9837|[{0, 3, 1, {https...|                NULL|","chan":"stdout","logger":"task"}
{"timestamp":"2025-09-18T22:59:35.960605Z","level":"info","event":"|#2L8JG2GRJ|         Shay|       40|         9322|[{0, 3, 1, {https...|{16000000, HotPoc...|","chan":"stdout","logger":"task"}
{"timestamp":"2025-09-18T22:59:35.960628Z","level":"info","event":"+----------+-------------+---------+-------------+--------------------+--------------------+","chan":"stdout","logger":"task"}
{"timestamp":"2025-09-18T22:59:35.960650Z","level":"info","event":"","chan":"stdout","logger":"task"}
{"timestamp":"2025-09-18T22:59:36.102662Z","level":"info","event":"+---------+---------------+----------+-----------------+-----------------+-------+--------------------+","chan":"stdout","logger":"task"}
{"timestamp":"2025-09-18T22:59:36.102847Z","level":"info","event":"|      tag|           name|clan_score|clan_war_trophies|required_trophies|members|         member_list|","chan":"stdout","logger":"task"}
{"timestamp":"2025-09-18T22:59:36.102935Z","level":"info","event":"+---------+---------------+----------+-----------------+-----------------+-------+--------------------+","chan":"stdout","logger":"task"}
{"timestamp":"2025-09-18T22:59:36.103017Z","level":"info","event":"| #2L80YUL|    cordoba arg|     97007|             2725|             8000|     50|[{{54000031, Lege...|","chan":"stdout","logger":"task"}
{"timestamp":"2025-09-18T22:59:36.103095Z","level":"info","event":"|#Q0U2PLGU|SupremacyLeague|     76837|              509|                0|     35|[{{54000018, Clas...|","chan":"stdout","logger":"task"}
{"timestamp":"2025-09-18T22:59:36.103173Z","level":"info","event":"|#2L8PCVP0|HotPocket Heros|     71637|             1670|             5000|     33|[{{54000031, Lege...|","chan":"stdout","logger":"task"}
{"timestamp":"2025-09-18T22:59:36.103244Z","level":"info","event":"|#QCV8JQVR|      Los bepis|     56134|              419|             1000|     27|[{{54000020, Valk...|","chan":"stdout","logger":"task"}
{"timestamp":"2025-09-18T22:59:36.103312Z","level":"info","event":"+---------+---------------+----------+-----------------+-----------------+-------+--------------------+","chan":"stdout","logger":"task"}
{"timestamp":"2025-09-18T22:59:36.103390Z","level":"info","event":"","chan":"stdout","logger":"task"}
{"timestamp":"2025-09-18T22:59:36.103458Z","level":"info","event":"Transformación completada ✅","chan":"stdout","logger":"task"}
{"timestamp":"2025-09-18T22:59:36.102837","level":"info","event":"Done. Returned value was: None","logger":"airflow.task.operators.airflow.providers.standard.operators.python.PythonOperator"}
