{"timestamp":"2025-09-18T15:27:43.277329","level":"info","event":"DAG bundles loaded: dags-folder","logger":"airflow.dag_processing.bundles.manager.DagBundlesManager"}
{"timestamp":"2025-09-18T15:27:43.277636","level":"info","event":"Filling up the DagBag from /opt/airflow/dags/cr_ingestion_dag.py","logger":"airflow.models.dagbag.DagBag"}
{"timestamp":"2025-09-18T15:27:43.979855Z","level":"info","event":"Saving players info...","chan":"stdout","logger":"task"}
{"timestamp":"2025-09-18T15:27:46.094436Z","level":"info","event":"HTTP Error for https://api.clashroyale.com/v1/players/%232PPCJ0UUP: 403 - {\"reason\":\"accessDenied\",\"message\":\"Invalid authorization\"}","chan":"stdout","logger":"task"}
{"timestamp":"2025-09-18T15:27:46.095409Z","level":"info","event":"Could not get player info of player_tag: #2PPCJ0UUP","chan":"stdout","logger":"task"}
{"timestamp":"2025-09-18T15:27:47.691864Z","level":"info","event":"HTTP Error for https://api.clashroyale.com/v1/players/%23VP9GJYQ2: 403 - {\"reason\":\"accessDenied\",\"message\":\"Invalid authorization\"}","chan":"stdout","logger":"task"}
{"timestamp":"2025-09-18T15:27:47.692546Z","level":"info","event":"Could not get player info of player_tag: #VP9GJYQ2","chan":"stdout","logger":"task"}
{"timestamp":"2025-09-18T15:27:49.007394Z","level":"info","event":"HTTP Error for https://api.clashroyale.com/v1/players/%23G9YV9GR8R: 403 - {\"reason\":\"accessDenied\",\"message\":\"Invalid authorization\"}","chan":"stdout","logger":"task"}
{"timestamp":"2025-09-18T15:27:49.748359Z","level":"info","event":"Could not get player info of player_tag: #G9YV9GR8R","chan":"stdout","logger":"task"}
{"timestamp":"2025-09-18T15:27:50.531943Z","level":"info","event":"HTTP Error for https://api.clashroyale.com/v1/players/%2322GPGCVCV: 403 - {\"reason\":\"accessDenied\",\"message\":\"Invalid authorization\"}","chan":"stdout","logger":"task"}
{"timestamp":"2025-09-18T15:27:50.532939Z","level":"info","event":"Could not get player info of player_tag: #22GPGCVCV","chan":"stdout","logger":"task"}
{"timestamp":"2025-09-18T15:27:51.881643Z","level":"info","event":"HTTP Error for https://api.clashroyale.com/v1/players/%23C0RL8CVCR: 403 - {\"reason\":\"accessDenied\",\"message\":\"Invalid authorization\"}","chan":"stdout","logger":"task"}
{"timestamp":"2025-09-18T15:27:51.882519Z","level":"info","event":"Could not get player info of player_tag: #C0RL8CVCR","chan":"stdout","logger":"task"}
{"timestamp":"2025-09-18T15:27:53.490966Z","level":"info","event":"HTTP Error for https://api.clashroyale.com/v1/players/%232L8JG2GRJ: 403 - {\"reason\":\"accessDenied\",\"message\":\"Invalid authorization\"}","chan":"stdout","logger":"task"}
{"timestamp":"2025-09-18T15:27:53.491609Z","level":"info","event":"Could not get player info of player_tag: #2L8JG2GRJ","chan":"stdout","logger":"task"}
{"timestamp":"2025-09-18T15:27:53.491666Z","level":"info","event":"Saving clans info...","chan":"stdout","logger":"task"}
{"timestamp":"2025-09-18T15:27:55.278453Z","level":"info","event":"HTTP Error for https://api.clashroyale.com/v1/clans/%232L80YUL: 403 - {\"reason\":\"accessDenied\",\"message\":\"Invalid authorization\"}","chan":"stdout","logger":"task"}
{"timestamp":"2025-09-18T15:27:55.294849Z","level":"info","event":"Could not get clan info of clan_tag: #2L80YUL","chan":"stdout","logger":"task"}
{"timestamp":"2025-09-18T15:27:56.714081Z","level":"info","event":"HTTP Error for https://api.clashroyale.com/v1/clans/%23QCV8JQVR: 403 - {\"reason\":\"accessDenied\",\"message\":\"Invalid authorization\"}","chan":"stdout","logger":"task"}
{"timestamp":"2025-09-18T15:27:56.714739Z","level":"info","event":"Could not get clan info of clan_tag: #QCV8JQVR","chan":"stdout","logger":"task"}
{"timestamp":"2025-09-18T15:27:58.670395Z","level":"info","event":"HTTP Error for https://api.clashroyale.com/v1/clans/%232L8PCVP0: 403 - {\"reason\":\"accessDenied\",\"message\":\"Invalid authorization\"}","chan":"stdout","logger":"task"}
{"timestamp":"2025-09-18T15:27:58.671258Z","level":"info","event":"Could not get clan info of clan_tag: #2L8PCVP0","chan":"stdout","logger":"task"}
{"timestamp":"2025-09-18T15:28:00.173603Z","level":"info","event":"HTTP Error for https://api.clashroyale.com/v1/clans/%23Q0U2PLGU: 403 - {\"reason\":\"accessDenied\",\"message\":\"Invalid authorization\"}","chan":"stdout","logger":"task"}
{"timestamp":"2025-09-18T15:28:00.174473Z","level":"info","event":"Could not get clan info of clan_tag: #Q0U2PLGU","chan":"stdout","logger":"task"}
{"timestamp":"2025-09-18T15:28:00.175242","level":"info","event":"Done. Returned value was: None","logger":"airflow.task.operators.airflow.providers.standard.operators.python.PythonOperator"}
