{"timestamp":"2025-09-18T15:28:00.414552","level":"info","event":"DAG bundles loaded: dags-folder","logger":"airflow.dag_processing.bundles.manager.DagBundlesManager"}
{"timestamp":"2025-09-18T15:28:00.414835","level":"info","event":"Filling up the DagBag from /opt/airflow/dags/cr_ingestion_dag.py","logger":"airflow.models.dagbag.DagBag"}
{"timestamp":"2025-09-18T15:28:00.811464Z","level":"error","event":"WARNING: Using incubator modules: jdk.incubator.vector","chan":"stderr","logger":"task"}
{"timestamp":"2025-09-18T15:28:01.791520Z","level":"error","event":":: loading settings :: url = jar:file:/home/airflow/.local/lib/python3.12/site-packages/pyspark/jars/ivy-2.5.3.jar!/org/apache/ivy/core/settings/ivysettings.xml","chan":"stderr","logger":"task"}
{"timestamp":"2025-09-18T15:28:01.852892Z","level":"error","event":"Ivy Default Cache set to: /home/airflow/.ivy2.5.2/cache","chan":"stderr","logger":"task"}
{"timestamp":"2025-09-18T15:28:01.853034Z","level":"error","event":"The jars for the packages stored in: /home/airflow/.ivy2.5.2/jars","chan":"stderr","logger":"task"}
{"timestamp":"2025-09-18T15:28:01.855845Z","level":"error","event":"org.apache.hadoop#hadoop-aws added as a dependency","chan":"stderr","logger":"task"}
{"timestamp":"2025-09-18T15:28:01.855913Z","level":"error","event":"com.amazonaws#aws-java-sdk-bundle added as a dependency","chan":"stderr","logger":"task"}
{"timestamp":"2025-09-18T15:28:01.856829Z","level":"error","event":":: resolving dependencies :: org.apache.spark#spark-submit-parent-0e71322f-1ee8-4faf-a081-c9208e17e8b5;1.0","chan":"stderr","logger":"task"}
{"timestamp":"2025-09-18T15:28:01.856912Z","level":"error","event":"\tconfs: [default]","chan":"stderr","logger":"task"}
{"timestamp":"2025-09-18T15:28:06.158680Z","level":"error","event":"\tfound org.apache.hadoop#hadoop-aws;3.3.2 in central","chan":"stderr","logger":"task"}
{"timestamp":"2025-09-18T15:28:08.996299Z","level":"error","event":"\tfound org.wildfly.openssl#wildfly-openssl;1.0.7.Final in central","chan":"stderr","logger":"task"}
{"timestamp":"2025-09-18T15:28:09.032968Z","level":"error","event":"\tfound com.amazonaws#aws-java-sdk-bundle;1.12.262 in central","chan":"stderr","logger":"task"}
{"timestamp":"2025-09-18T15:28:09.194449Z","level":"error","event":"downloading https://repo1.maven.org/maven2/org/apache/hadoop/hadoop-aws/3.3.2/hadoop-aws-3.3.2.jar ...","chan":"stderr","logger":"task"}
{"timestamp":"2025-09-18T15:28:10.169832Z","level":"error","event":"\t[SUCCESSFUL ] org.apache.hadoop#hadoop-aws;3.3.2!hadoop-aws.jar (1132ms)","chan":"stderr","logger":"task"}
{"timestamp":"2025-09-18T15:28:10.393217Z","level":"error","event":"downloading https://repo1.maven.org/maven2/com/amazonaws/aws-java-sdk-bundle/1.12.262/aws-java-sdk-bundle-1.12.262.jar ...","chan":"stderr","logger":"task"}
{"timestamp":"2025-09-18T15:28:48.341624Z","level":"error","event":"downloading https://repo1.maven.org/maven2/org/wildfly/openssl/wildfly-openssl/1.0.7.Final/wildfly-openssl-1.0.7.Final.jar ...","chan":"stderr","logger":"task"}
{"timestamp":"2025-09-18T15:28:48.581293Z","level":"error","event":"\t[SUCCESSFUL ] org.wildfly.openssl#wildfly-openssl;1.0.7.Final!wildfly-openssl.jar (405ms)","chan":"stderr","logger":"task"}
{"timestamp":"2025-09-18T15:28:48.581557Z","level":"error","event":":: resolution report :: resolve 7180ms :: artifacts dl 39545ms","chan":"stderr","logger":"task"}
{"timestamp":"2025-09-18T15:28:48.581629Z","level":"error","event":"\t:: modules in use:","chan":"stderr","logger":"task"}
{"timestamp":"2025-09-18T15:28:48.581722Z","level":"error","event":"\tcom.amazonaws#aws-java-sdk-bundle;1.12.262 from central in [default]","chan":"stderr","logger":"task"}
{"timestamp":"2025-09-18T15:28:48.581771Z","level":"error","event":"\torg.apache.hadoop#hadoop-aws;3.3.2 from central in [default]","chan":"stderr","logger":"task"}
{"timestamp":"2025-09-18T15:28:48.581807Z","level":"error","event":"\torg.wildfly.openssl#wildfly-openssl;1.0.7.Final from central in [default]","chan":"stderr","logger":"task"}
{"timestamp":"2025-09-18T15:28:48.581852Z","level":"error","event":"\t:: evicted modules:","chan":"stderr","logger":"task"}
{"timestamp":"2025-09-18T15:28:48.581891Z","level":"error","event":"\tcom.amazonaws#aws-java-sdk-bundle;1.11.1026 by [com.amazonaws#aws-java-sdk-bundle;1.12.262] in [default]","chan":"stderr","logger":"task"}
{"timestamp":"2025-09-18T15:28:48.581928Z","level":"error","event":"\t---------------------------------------------------------------------","chan":"stderr","logger":"task"}
{"timestamp":"2025-09-18T15:28:48.581976Z","level":"error","event":"\t|                  |            modules            ||   artifacts   |","chan":"stderr","logger":"task"}
{"timestamp":"2025-09-18T15:28:48.582013Z","level":"error","event":"\t|       conf       | number| search|dwnlded|evicted|| number|dwnlded|","chan":"stderr","logger":"task"}
{"timestamp":"2025-09-18T15:28:48.582046Z","level":"error","event":"\t---------------------------------------------------------------------","chan":"stderr","logger":"task"}
{"timestamp":"2025-09-18T15:28:48.582087Z","level":"error","event":"\t|      default     |   4   |   2   |   2   |   1   ||   3   |   2   |","chan":"stderr","logger":"task"}
{"timestamp":"2025-09-18T15:28:48.582131Z","level":"error","event":"\t---------------------------------------------------------------------","chan":"stderr","logger":"task"}
{"timestamp":"2025-09-18T15:28:48.583575Z","level":"error","event":"","chan":"stderr","logger":"task"}
{"timestamp":"2025-09-18T15:28:48.583612Z","level":"error","event":":: problems summary ::","chan":"stderr","logger":"task"}
{"timestamp":"2025-09-18T15:28:48.583651Z","level":"error","event":":::: WARNINGS","chan":"stderr","logger":"task"}
{"timestamp":"2025-09-18T15:28:48.583685Z","level":"error","event":"\t\t[FAILED     ] com.amazonaws#aws-java-sdk-bundle;1.12.262!aws-java-sdk-bundle.jar: Downloaded file size (0) doesn't match expected Content Length (280645251) for https://repo1.maven.org/maven2/com/amazonaws/aws-java-sdk-bundle/1.12.262/aws-java-sdk-bundle-1.12.262.jar. Please retry. (38005ms)","chan":"stderr","logger":"task"}
{"timestamp":"2025-09-18T15:28:48.583726Z","level":"error","event":"","chan":"stderr","logger":"task"}
{"timestamp":"2025-09-18T15:28:48.583758Z","level":"error","event":"\t\t[FAILED     ] com.amazonaws#aws-java-sdk-bundle;1.12.262!aws-java-sdk-bundle.jar: Downloaded file size (0) doesn't match expected Content Length (280645251) for https://repo1.maven.org/maven2/com/amazonaws/aws-java-sdk-bundle/1.12.262/aws-java-sdk-bundle-1.12.262.jar. Please retry. (38005ms)","chan":"stderr","logger":"task"}
{"timestamp":"2025-09-18T15:28:48.583794Z","level":"error","event":"","chan":"stderr","logger":"task"}
{"timestamp":"2025-09-18T15:28:48.583825Z","level":"error","event":"\t==== central: tried","chan":"stderr","logger":"task"}
{"timestamp":"2025-09-18T15:28:48.583856Z","level":"error","event":"","chan":"stderr","logger":"task"}
{"timestamp":"2025-09-18T15:28:48.583888Z","level":"error","event":"\t  https://repo1.maven.org/maven2/com/amazonaws/aws-java-sdk-bundle/1.12.262/aws-java-sdk-bundle-1.12.262.jar","chan":"stderr","logger":"task"}
{"timestamp":"2025-09-18T15:28:48.583919Z","level":"error","event":"","chan":"stderr","logger":"task"}
{"timestamp":"2025-09-18T15:28:48.583950Z","level":"error","event":"\t\t::::::::::::::::::::::::::::::::::::::::::::::","chan":"stderr","logger":"task"}
{"timestamp":"2025-09-18T15:28:48.583981Z","level":"error","event":"","chan":"stderr","logger":"task"}
{"timestamp":"2025-09-18T15:28:48.584010Z","level":"error","event":"\t\t::              FAILED DOWNLOADS            ::","chan":"stderr","logger":"task"}
{"timestamp":"2025-09-18T15:28:48.584040Z","level":"error","event":"","chan":"stderr","logger":"task"}
{"timestamp":"2025-09-18T15:28:48.584070Z","level":"error","event":"\t\t:: ^ see resolution messages for details  ^ ::","chan":"stderr","logger":"task"}
{"timestamp":"2025-09-18T15:28:48.584099Z","level":"error","event":"","chan":"stderr","logger":"task"}
{"timestamp":"2025-09-18T15:28:48.584128Z","level":"error","event":"\t\t::::::::::::::::::::::::::::::::::::::::::::::","chan":"stderr","logger":"task"}
{"timestamp":"2025-09-18T15:28:48.584158Z","level":"error","event":"","chan":"stderr","logger":"task"}
{"timestamp":"2025-09-18T15:28:48.584205Z","level":"error","event":"\t\t:: com.amazonaws#aws-java-sdk-bundle;1.12.262!aws-java-sdk-bundle.jar","chan":"stderr","logger":"task"}
{"timestamp":"2025-09-18T15:28:48.584238Z","level":"error","event":"","chan":"stderr","logger":"task"}
{"timestamp":"2025-09-18T15:28:48.584267Z","level":"error","event":"\t\t::::::::::::::::::::::::::::::::::::::::::::::","chan":"stderr","logger":"task"}
{"timestamp":"2025-09-18T15:28:48.584295Z","level":"error","event":"","chan":"stderr","logger":"task"}
{"timestamp":"2025-09-18T15:28:48.584320Z","level":"error","event":"","chan":"stderr","logger":"task"}
{"timestamp":"2025-09-18T15:28:48.584344Z","level":"error","event":"","chan":"stderr","logger":"task"}
{"timestamp":"2025-09-18T15:28:48.584369Z","level":"error","event":":: USE VERBOSE OR DEBUG MESSAGE LEVEL FOR MORE DETAILS","chan":"stderr","logger":"task"}
{"timestamp":"2025-09-18T15:28:48.584477Z","level":"error","event":"Exception in thread \"main\" java.lang.RuntimeException: [download failed: com.amazonaws#aws-java-sdk-bundle;1.12.262!aws-java-sdk-bundle.jar]","chan":"stderr","logger":"task"}
{"timestamp":"2025-09-18T15:28:48.584520Z","level":"error","event":"\tat org.apache.spark.util.MavenUtils$.resolveMavenCoordinates(MavenUtils.scala:540)","chan":"stderr","logger":"task"}
{"timestamp":"2025-09-18T15:28:48.584548Z","level":"error","event":"\tat org.apache.spark.util.DependencyUtils$.resolveMavenDependencies(DependencyUtils.scala:123)","chan":"stderr","logger":"task"}
{"timestamp":"2025-09-18T15:28:48.584574Z","level":"error","event":"\tat org.apache.spark.deploy.SparkSubmit.prepareSubmitEnvironment(SparkSubmit.scala:341)","chan":"stderr","logger":"task"}
{"timestamp":"2025-09-18T15:28:48.584599Z","level":"error","event":"\tat org.apache.spark.deploy.SparkSubmit.org$apache$spark$deploy$SparkSubmit$$runMain(SparkSubmit.scala:961)","chan":"stderr","logger":"task"}
{"timestamp":"2025-09-18T15:28:48.584623Z","level":"error","event":"\tat org.apache.spark.deploy.SparkSubmit.doRunMain$1(SparkSubmit.scala:204)","chan":"stderr","logger":"task"}
{"timestamp":"2025-09-18T15:28:48.584670Z","level":"error","event":"\tat org.apache.spark.deploy.SparkSubmit.submit(SparkSubmit.scala:227)","chan":"stderr","logger":"task"}
{"timestamp":"2025-09-18T15:28:48.584707Z","level":"error","event":"\tat org.apache.spark.deploy.SparkSubmit.doSubmit(SparkSubmit.scala:96)","chan":"stderr","logger":"task"}
{"timestamp":"2025-09-18T15:28:48.584736Z","level":"error","event":"\tat org.apache.spark.deploy.SparkSubmit$$anon$2.doSubmit(SparkSubmit.scala:1132)","chan":"stderr","logger":"task"}
{"timestamp":"2025-09-18T15:28:48.584769Z","level":"error","event":"\tat org.apache.spark.deploy.SparkSubmit$.main(SparkSubmit.scala:1141)","chan":"stderr","logger":"task"}
{"timestamp":"2025-09-18T15:28:48.584798Z","level":"error","event":"\tat org.apache.spark.deploy.SparkSubmit.main(SparkSubmit.scala)","chan":"stderr","logger":"task"}
{"timestamp":"2025-09-18T15:28:48.645392","level":"error","event":"Task failed with exception","logger":"task","error_detail":[{"exc_type":"PySparkRuntimeError","exc_value":"[JAVA_GATEWAY_EXITED] Java gateway process exited before sending its port number.","exc_notes":[],"syntax_error":null,"is_cause":false,"frames":[{"filename":"/home/airflow/.local/lib/python3.12/site-packages/airflow/sdk/execution_time/task_runner.py","lineno":920,"name":"run"},{"filename":"/home/airflow/.local/lib/python3.12/site-packages/airflow/sdk/execution_time/task_runner.py","lineno":1215,"name":"_execute_task"},{"filename":"/home/airflow/.local/lib/python3.12/site-packages/airflow/sdk/bases/operator.py","lineno":397,"name":"wrapper"},{"filename":"/home/airflow/.local/lib/python3.12/site-packages/airflow/providers/standard/operators/python.py","lineno":216,"name":"execute"},{"filename":"/home/airflow/.local/lib/python3.12/site-packages/airflow/providers/standard/operators/python.py","lineno":239,"name":"execute_callable"},{"filename":"/home/airflow/.local/lib/python3.12/site-packages/airflow/sdk/execution_time/callback_runner.py","lineno":81,"name":"run"},{"filename":"/opt/airflow/etl/scripts/transform_data.py","lineno":8,"name":"transform"},{"filename":"/home/airflow/.local/lib/python3.12/site-packages/pyspark/sql/session.py","lineno":556,"name":"getOrCreate"},{"filename":"/home/airflow/.local/lib/python3.12/site-packages/pyspark/core/context.py","lineno":523,"name":"getOrCreate"},{"filename":"/home/airflow/.local/lib/python3.12/site-packages/pyspark/core/context.py","lineno":205,"name":"__init__"},{"filename":"/home/airflow/.local/lib/python3.12/site-packages/pyspark/core/context.py","lineno":444,"name":"_ensure_initialized"},{"filename":"/home/airflow/.local/lib/python3.12/site-packages/pyspark/java_gateway.py","lineno":111,"name":"launch_gateway"}],"is_group":false,"exceptions":[]}]}
