{"timestamp":"2025-09-18T15:39:19.042338","level":"info","event":"DAG bundles loaded: dags-folder","logger":"airflow.dag_processing.bundles.manager.DagBundlesManager"}
{"timestamp":"2025-09-18T15:39:19.042626","level":"info","event":"Filling up the DagBag from /opt/airflow/dags/cr_ingestion_dag.py","logger":"airflow.models.dagbag.DagBag"}
{"timestamp":"2025-09-18T15:39:19.507150Z","level":"info","event":"Saving players info...","chan":"stdout","logger":"task"}
{"timestamp":"2025-09-18T15:39:20.969380Z","level":"info","event":"HTTP Error for https://api.clashroyale.com/v1/players/%232PPCJ0UUP: 403 - {\"reason\":\"accessDenied\",\"message\":\"Invalid authorization\"}","chan":"stdout","logger":"task"}
{"timestamp":"2025-09-18T15:39:20.970278Z","level":"info","event":"Could not get player info of player_tag: #2PPCJ0UUP","chan":"stdout","logger":"task"}
{"timestamp":"2025-09-18T15:39:22.520893Z","level":"info","event":"HTTP Error for https://api.clashroyale.com/v1/players/%23VP9GJYQ2: 403 - {\"reason\":\"accessDenied\",\"message\":\"Invalid authorization\"}","chan":"stdout","logger":"task"}
{"timestamp":"2025-09-18T15:39:22.521602Z","level":"info","event":"Could not get player info of player_tag: #VP9GJYQ2","chan":"stdout","logger":"task"}
{"timestamp":"2025-09-18T15:39:24.139508Z","level":"info","event":"HTTP Error for https://api.clashroyale.com/v1/players/%23G9YV9GR8R: 403 - {\"reason\":\"accessDenied\",\"message\":\"Invalid authorization\"}","chan":"stdout","logger":"task"}
{"timestamp":"2025-09-18T15:39:24.153345Z","level":"info","event":"Could not get player info of player_tag: #G9YV9GR8R","chan":"stdout","logger":"task"}
{"timestamp":"2025-09-18T15:39:25.562266Z","level":"info","event":"HTTP Error for https://api.clashroyale.com/v1/players/%2322GPGCVCV: 403 - {\"reason\":\"accessDenied\",\"message\":\"Invalid authorization\"}","chan":"stdout","logger":"task"}
{"timestamp":"2025-09-18T15:39:25.563099Z","level":"info","event":"Could not get player info of player_tag: #22GPGCVCV","chan":"stdout","logger":"task"}
{"timestamp":"2025-09-18T15:39:26.994889Z","level":"info","event":"HTTP Error for https://api.clashroyale.com/v1/players/%23C0RL8CVCR: 403 - {\"reason\":\"accessDenied\",\"message\":\"Invalid authorization\"}","chan":"stdout","logger":"task"}
{"timestamp":"2025-09-18T15:39:26.996039Z","level":"info","event":"Could not get player info of player_tag: #C0RL8CVCR","chan":"stdout","logger":"task"}
{"timestamp":"2025-09-18T15:39:28.427181Z","level":"info","event":"HTTP Error for https://api.clashroyale.com/v1/players/%232L8JG2GRJ: 403 - {\"reason\":\"accessDenied\",\"message\":\"Invalid authorization\"}","chan":"stdout","logger":"task"}
{"timestamp":"2025-09-18T15:39:28.428763Z","level":"info","event":"Could not get player info of player_tag: #2L8JG2GRJ","chan":"stdout","logger":"task"}
{"timestamp":"2025-09-18T15:39:28.428943Z","level":"info","event":"Saving clans info...","chan":"stdout","logger":"task"}
{"timestamp":"2025-09-18T15:39:30.030539Z","level":"info","event":"HTTP Error for https://api.clashroyale.com/v1/clans/%232L80YUL: 403 - {\"reason\":\"accessDenied\",\"message\":\"Invalid authorization\"}","chan":"stdout","logger":"task"}
{"timestamp":"2025-09-18T15:39:30.045412Z","level":"info","event":"Could not get clan info of clan_tag: #2L80YUL","chan":"stdout","logger":"task"}
{"timestamp":"2025-09-18T15:39:31.647872Z","level":"info","event":"HTTP Error for https://api.clashroyale.com/v1/clans/%23QCV8JQVR: 403 - {\"reason\":\"accessDenied\",\"message\":\"Invalid authorization\"}","chan":"stdout","logger":"task"}
{"timestamp":"2025-09-18T15:39:31.648516Z","level":"info","event":"Could not get clan info of clan_tag: #QCV8JQVR","chan":"stdout","logger":"task"}
{"timestamp":"2025-09-18T15:39:33.241034Z","level":"info","event":"HTTP Error for https://api.clashroyale.com/v1/clans/%232L8PCVP0: 403 - {\"reason\":\"accessDenied\",\"message\":\"Invalid authorization\"}","chan":"stdout","logger":"task"}
{"timestamp":"2025-09-18T15:39:33.241721Z","level":"info","event":"Could not get clan info of clan_tag: #2L8PCVP0","chan":"stdout","logger":"task"}
{"timestamp":"2025-09-18T15:39:34.673614Z","level":"info","event":"HTTP Error for https://api.clashroyale.com/v1/clans/%23Q0U2PLGU: 403 - {\"reason\":\"accessDenied\",\"message\":\"Invalid authorization\"}","chan":"stdout","logger":"task"}
{"timestamp":"2025-09-18T15:39:34.674530Z","level":"info","event":"Could not get clan info of clan_tag: #Q0U2PLGU","chan":"stdout","logger":"task"}
{"timestamp":"2025-09-18T15:39:34.675463","level":"info","event":"Done. Returned value was: None","logger":"airflow.task.operators.airflow.providers.standard.operators.python.PythonOperator"}
