{"timestamp":"2025-09-18T15:47:26.630017","level":"info","event":"DAG bundles loaded: dags-folder","logger":"airflow.dag_processing.bundles.manager.DagBundlesManager"}
{"timestamp":"2025-09-18T15:47:26.630346","level":"info","event":"Filling up the DagBag from /opt/airflow/dags/cr_ingestion_dag.py","logger":"airflow.models.dagbag.DagBag"}
{"timestamp":"2025-09-18T15:47:27.078408Z","level":"info","event":"Saving players info...","chan":"stdout","logger":"task"}
{"timestamp":"2025-09-18T15:47:28.561283Z","level":"info","event":"HTTP Error for https://api.clashroyale.com/v1/players/%232PPCJ0UUP: 403 - {\"reason\":\"accessDenied\",\"message\":\"Invalid authorization\"}","chan":"stdout","logger":"task"}
{"timestamp":"2025-09-18T15:47:28.561900Z","level":"info","event":"Could not get player info of player_tag: #2PPCJ0UUP","chan":"stdout","logger":"task"}
{"timestamp":"2025-09-18T15:47:29.925023Z","level":"info","event":"HTTP Error for https://api.clashroyale.com/v1/players/%23VP9GJYQ2: 403 - {\"reason\":\"accessDenied\",\"message\":\"Invalid authorization\"}","chan":"stdout","logger":"task"}
{"timestamp":"2025-09-18T15:47:29.925711Z","level":"info","event":"Could not get player info of player_tag: #VP9GJYQ2","chan":"stdout","logger":"task"}
{"timestamp":"2025-09-18T15:47:31.355624Z","level":"info","event":"HTTP Error for https://api.clashroyale.com/v1/players/%23G9YV9GR8R: 403 - {\"reason\":\"accessDenied\",\"message\":\"Invalid authorization\"}","chan":"stdout","logger":"task"}
{"timestamp":"2025-09-18T15:47:31.356408Z","level":"info","event":"Could not get player info of player_tag: #G9YV9GR8R","chan":"stdout","logger":"task"}
{"timestamp":"2025-09-18T15:47:32.727241Z","level":"info","event":"HTTP Error for https://api.clashroyale.com/v1/players/%2322GPGCVCV: 403 - {\"reason\":\"accessDenied\",\"message\":\"Invalid authorization\"}","chan":"stdout","logger":"task"}
{"timestamp":"2025-09-18T15:47:32.742396Z","level":"info","event":"Could not get player info of player_tag: #22GPGCVCV","chan":"stdout","logger":"task"}
{"timestamp":"2025-09-18T15:47:34.078951Z","level":"info","event":"HTTP Error for https://api.clashroyale.com/v1/players/%23C0RL8CVCR: 403 - {\"reason\":\"accessDenied\",\"message\":\"Invalid authorization\"}","chan":"stdout","logger":"task"}
{"timestamp":"2025-09-18T15:47:34.079756Z","level":"info","event":"Could not get player info of player_tag: #C0RL8CVCR","chan":"stdout","logger":"task"}
{"timestamp":"2025-09-18T15:47:35.617536Z","level":"info","event":"HTTP Error for https://api.clashroyale.com/v1/players/%232L8JG2GRJ: 403 - {\"reason\":\"accessDenied\",\"message\":\"Invalid authorization\"}","chan":"stdout","logger":"task"}
{"timestamp":"2025-09-18T15:47:35.618773Z","level":"info","event":"Could not get player info of player_tag: #2L8JG2GRJ","chan":"stdout","logger":"task"}
{"timestamp":"2025-09-18T15:47:35.618905Z","level":"info","event":"Saving clans info...","chan":"stdout","logger":"task"}
{"timestamp":"2025-09-18T15:47:36.963208Z","level":"info","event":"HTTP Error for https://api.clashroyale.com/v1/clans/%232L80YUL: 403 - {\"reason\":\"accessDenied\",\"message\":\"Invalid authorization\"}","chan":"stdout","logger":"task"}
{"timestamp":"2025-09-18T15:47:36.963848Z","level":"info","event":"Could not get clan info of clan_tag: #2L80YUL","chan":"stdout","logger":"task"}
{"timestamp":"2025-09-18T15:47:38.636985Z","level":"info","event":"HTTP Error for https://api.clashroyale.com/v1/clans/%23QCV8JQVR: 403 - {\"reason\":\"accessDenied\",\"message\":\"Invalid authorization\"}","chan":"stdout","logger":"task"}
{"timestamp":"2025-09-18T15:47:39.262199Z","level":"info","event":"Could not get clan info of clan_tag: #QCV8JQVR","chan":"stdout","logger":"task"}
{"timestamp":"2025-09-18T15:47:40.919043Z","level":"info","event":"HTTP Error for https://api.clashroyale.com/v1/clans/%232L8PCVP0: 403 - {\"reason\":\"accessDenied\",\"message\":\"Invalid authorization\"}","chan":"stdout","logger":"task"}
{"timestamp":"2025-09-18T15:47:40.919685Z","level":"info","event":"Could not get clan info of clan_tag: #2L8PCVP0","chan":"stdout","logger":"task"}
{"timestamp":"2025-09-18T15:47:42.267907Z","level":"info","event":"HTTP Error for https://api.clashroyale.com/v1/clans/%23Q0U2PLGU: 403 - {\"reason\":\"accessDenied\",\"message\":\"Invalid authorization\"}","chan":"stdout","logger":"task"}
{"timestamp":"2025-09-18T15:47:42.269212Z","level":"info","event":"Could not get clan info of clan_tag: #Q0U2PLGU","chan":"stdout","logger":"task"}
{"timestamp":"2025-09-18T15:47:42.269702","level":"info","event":"Done. Returned value was: None","logger":"airflow.task.operators.airflow.providers.standard.operators.python.PythonOperator"}
