{"timestamp":"2025-09-18T15:49:06.783417","level":"info","event":"DAG bundles loaded: dags-folder","logger":"airflow.dag_processing.bundles.manager.DagBundlesManager"}
{"timestamp":"2025-09-18T15:49:06.783776","level":"info","event":"Filling up the DagBag from /opt/airflow/dags/cr_ingestion_dag.py","logger":"airflow.models.dagbag.DagBag"}
{"timestamp":"2025-09-18T15:49:06.999351Z","level":"info","event":"Saving players info...","chan":"stdout","logger":"task"}
{"timestamp":"2025-09-18T15:49:08.431295Z","level":"info","event":"HTTP Error for https://api.clashroyale.com/v1/players/%232PPCJ0UUP: 403 - {\"reason\":\"accessDenied\",\"message\":\"Invalid authorization\"}","chan":"stdout","logger":"task"}
{"timestamp":"2025-09-18T15:49:08.431910Z","level":"info","event":"Could not get player info of player_tag: #2PPCJ0UUP","chan":"stdout","logger":"task"}
{"timestamp":"2025-09-18T15:49:09.858798Z","level":"info","event":"HTTP Error for https://api.clashroyale.com/v1/players/%23VP9GJYQ2: 403 - {\"reason\":\"accessDenied\",\"message\":\"Invalid authorization\"}","chan":"stdout","logger":"task"}
{"timestamp":"2025-09-18T15:49:09.859472Z","level":"info","event":"Could not get player info of player_tag: #VP9GJYQ2","chan":"stdout","logger":"task"}
{"timestamp":"2025-09-18T15:49:11.293339Z","level":"info","event":"HTTP Error for https://api.clashroyale.com/v1/players/%23G9YV9GR8R: 403 - {\"reason\":\"accessDenied\",\"message\":\"Invalid authorization\"}","chan":"stdout","logger":"task"}
{"timestamp":"2025-09-18T15:49:11.294170Z","level":"info","event":"Could not get player info of player_tag: #G9YV9GR8R","chan":"stdout","logger":"task"}
{"timestamp":"2025-09-18T15:49:13.033732Z","level":"info","event":"HTTP Error for https://api.clashroyale.com/v1/players/%2322GPGCVCV: 403 - {\"reason\":\"accessDenied\",\"message\":\"Invalid authorization\"}","chan":"stdout","logger":"task"}
{"timestamp":"2025-09-18T15:49:13.050888Z","level":"info","event":"Could not get player info of player_tag: #22GPGCVCV","chan":"stdout","logger":"task"}
{"timestamp":"2025-09-18T15:49:14.480770Z","level":"info","event":"HTTP Error for https://api.clashroyale.com/v1/players/%23C0RL8CVCR: 403 - {\"reason\":\"accessDenied\",\"message\":\"Invalid authorization\"}","chan":"stdout","logger":"task"}
{"timestamp":"2025-09-18T15:49:14.481617Z","level":"info","event":"Could not get player info of player_tag: #C0RL8CVCR","chan":"stdout","logger":"task"}
{"timestamp":"2025-09-18T15:49:16.155564Z","level":"info","event":"HTTP Error for https://api.clashroyale.com/v1/players/%232L8JG2GRJ: 403 - {\"reason\":\"accessDenied\",\"message\":\"Invalid authorization\"}","chan":"stdout","logger":"task"}
{"timestamp":"2025-09-18T15:49:16.156327Z","level":"info","event":"Could not get player info of player_tag: #2L8JG2GRJ","chan":"stdout","logger":"task"}
{"timestamp":"2025-09-18T15:49:16.156369Z","level":"info","event":"Saving clans info...","chan":"stdout","logger":"task"}
{"timestamp":"2025-09-18T15:49:17.792389Z","level":"info","event":"HTTP Error for https://api.clashroyale.com/v1/clans/%232L80YUL: 403 - {\"reason\":\"accessDenied\",\"message\":\"Invalid authorization\"}","chan":"stdout","logger":"task"}
{"timestamp":"2025-09-18T15:49:17.792962Z","level":"info","event":"Could not get clan info of clan_tag: #2L80YUL","chan":"stdout","logger":"task"}
{"timestamp":"2025-09-18T15:49:19.120529Z","level":"info","event":"HTTP Error for https://api.clashroyale.com/v1/clans/%23QCV8JQVR: 403 - {\"reason\":\"accessDenied\",\"message\":\"Invalid authorization\"}","chan":"stdout","logger":"task"}
{"timestamp":"2025-09-18T15:49:19.127749Z","level":"info","event":"Could not get clan info of clan_tag: #QCV8JQVR","chan":"stdout","logger":"task"}
{"timestamp":"2025-09-18T15:49:20.350695Z","level":"info","event":"HTTP Error for https://api.clashroyale.com/v1/clans/%232L8PCVP0: 403 - {\"reason\":\"accessDenied\",\"message\":\"Invalid authorization\"}","chan":"stdout","logger":"task"}
{"timestamp":"2025-09-18T15:49:20.351802Z","level":"info","event":"Could not get clan info of clan_tag: #2L8PCVP0","chan":"stdout","logger":"task"}
{"timestamp":"2025-09-18T15:49:21.613160Z","level":"info","event":"HTTP Error for https://api.clashroyale.com/v1/clans/%23Q0U2PLGU: 403 - {\"reason\":\"accessDenied\",\"message\":\"Invalid authorization\"}","chan":"stdout","logger":"task"}
{"timestamp":"2025-09-18T15:49:21.614284Z","level":"info","event":"Could not get clan info of clan_tag: #Q0U2PLGU","chan":"stdout","logger":"task"}
{"timestamp":"2025-09-18T15:49:21.614608","level":"info","event":"Done. Returned value was: None","logger":"airflow.task.operators.airflow.providers.standard.operators.python.PythonOperator"}
