{"timestamp":"2025-09-18T22:53:46.518246","level":"info","event":"DAG bundles loaded: dags-folder","logger":"airflow.dag_processing.bundles.manager.DagBundlesManager"}
{"timestamp":"2025-09-18T22:53:46.518565","level":"info","event":"Filling up the DagBag from /opt/airflow/dags/cr_ingestion_dag.py","logger":"airflow.models.dagbag.DagBag"}
{"timestamp":"2025-09-18T22:53:47.459236Z","level":"error","event":"25/09/18 22:53:47 WARN NativeCodeLoader: Unable to load native-hadoop library for your platform... using builtin-java classes where applicable","chan":"stderr","logger":"task"}
{"timestamp":"2025-09-18T22:53:47.551390Z","level":"error","event":"Setting default log level to \"WARN\".","chan":"stderr","logger":"task"}
{"timestamp":"2025-09-18T22:53:47.551541Z","level":"error","event":"To adjust logging level use sc.setLogLevel(newLevel). For SparkR, use setLogLevel(newLevel).","chan":"stderr","logger":"task"}
{"timestamp":"2025-09-18T22:53:49.069682Z","level":"error","event":"25/09/18 22:53:49 WARN MetricsConfig: Cannot locate configuration: tried hadoop-metrics2-s3a-file-system.properties,hadoop-metrics2.properties","chan":"stderr","logger":"task"}
{"timestamp":"2025-09-18T22:53:52.000105Z","level":"info","event":"+----------+-------------+--------+------------+--------------------+--------------------+","chan":"stdout","logger":"task"}
{"timestamp":"2025-09-18T22:53:52.000298Z","level":"info","event":"|       tag|         name|expLevel|bestTrophies|         currentDeck|                clan|","chan":"stdout","logger":"task"}
{"timestamp":"2025-09-18T22:53:52.000419Z","level":"info","event":"+----------+-------------+--------+------------+--------------------+--------------------+","chan":"stdout","logger":"task"}
{"timestamp":"2025-09-18T22:53:52.000520Z","level":"info","event":"| #VP9GJYQ2|     xAlee ✌️|      70|        8544|[{0, 3, 1, {https...|{16000161, Calala...|","chan":"stdout","logger":"task"}
{"timestamp":"2025-09-18T22:53:52.000614Z","level":"info","event":"|#G9YV9GR8R|Mohamed Light|      70|       10000|[{0, 4, 1, {https...|{16000002, Hey, #...|","chan":"stdout","logger":"task"}
{"timestamp":"2025-09-18T22:53:52.000700Z","level":"info","event":"|#C0RL8CVCR|  zelarayann_|      44|        9444|[{0, 7, 1, {https...|{16000024, Los be...|","chan":"stdout","logger":"task"}
{"timestamp":"2025-09-18T22:53:52.000785Z","level":"info","event":"|#2PPCJ0UUP|   RΣΔLΠΩҒΔҜΣ|      46|        9878|[{0, 3, 1, {https...|{16000013, cordob...|","chan":"stdout","logger":"task"}
{"timestamp":"2025-09-18T22:53:52.000865Z","level":"info","event":"|#22GPGCVCV|      Diego02|      53|        9837|[{0, 3, 1, {https...|                NULL|","chan":"stdout","logger":"task"}
{"timestamp":"2025-09-18T22:53:52.000942Z","level":"info","event":"|#2L8JG2GRJ|         Shay|      40|        9322|[{0, 3, 1, {https...|{16000000, HotPoc...|","chan":"stdout","logger":"task"}
{"timestamp":"2025-09-18T22:53:52.001017Z","level":"info","event":"+----------+-------------+--------+------------+--------------------+--------------------+","chan":"stdout","logger":"task"}
{"timestamp":"2025-09-18T22:53:52.001089Z","level":"info","event":"","chan":"stdout","logger":"task"}
{"timestamp":"2025-09-18T22:53:52.918424Z","level":"info","event":"+----------+-------------+---------+-------------+--------------------+--------------------+","chan":"stdout","logger":"task"}
{"timestamp":"2025-09-18T22:53:52.918522Z","level":"info","event":"|       tag|         name|exp_level|best_trophies|        current_deck|                clan|","chan":"stdout","logger":"task"}
{"timestamp":"2025-09-18T22:53:52.918555Z","level":"info","event":"+----------+-------------+---------+-------------+--------------------+--------------------+","chan":"stdout","logger":"task"}
{"timestamp":"2025-09-18T22:53:52.918583Z","level":"info","event":"| #VP9GJYQ2|     xAlee ✌️|       70|         8544|[{0, 3, 1, {https...|{16000161, Calala...|","chan":"stdout","logger":"task"}
{"timestamp":"2025-09-18T22:53:52.918610Z","level":"info","event":"|#G9YV9GR8R|Mohamed Light|       70|        10000|[{0, 4, 1, {https...|{16000002, Hey, #...|","chan":"stdout","logger":"task"}
{"timestamp":"2025-09-18T22:53:52.918639Z","level":"info","event":"|#C0RL8CVCR|  zelarayann_|       44|         9444|[{0, 7, 1, {https...|{16000024, Los be...|","chan":"stdout","logger":"task"}
{"timestamp":"2025-09-18T22:53:52.918669Z","level":"info","event":"|#2PPCJ0UUP|   RΣΔLΠΩҒΔҜΣ|       46|         9878|[{0, 3, 1, {https...|{16000013, cordob...|","chan":"stdout","logger":"task"}
{"timestamp":"2025-09-18T22:53:52.918693Z","level":"info","event":"|#22GPGCVCV|      Diego02|       53|         9837|[{0, 3, 1, {https...|                NULL|","chan":"stdout","logger":"task"}
{"timestamp":"2025-09-18T22:53:52.918716Z","level":"info","event":"|#2L8JG2GRJ|         Shay|       40|         9322|[{0, 3, 1, {https...|{16000000, HotPoc...|","chan":"stdout","logger":"task"}
{"timestamp":"2025-09-18T22:53:52.918739Z","level":"info","event":"+----------+-------------+---------+-------------+--------------------+--------------------+","chan":"stdout","logger":"task"}
{"timestamp":"2025-09-18T22:53:52.918766Z","level":"info","event":"","chan":"stdout","logger":"task"}
{"timestamp":"2025-09-18T22:53:52.252664","level":"error","event":"Task failed with exception","logger":"task","error_detail":[{"exc_type":"NameError","exc_value":"name 'df_clans_trasnformed' is not defined","exc_notes":[],"syntax_error":null,"is_cause":false,"frames":[{"filename":"/home/airflow/.local/lib/python3.12/site-packages/airflow/sdk/execution_time/task_runner.py","lineno":920,"name":"run"},{"filename":"/home/airflow/.local/lib/python3.12/site-packages/airflow/sdk/execution_time/task_runner.py","lineno":1215,"name":"_execute_task"},{"filename":"/home/airflow/.local/lib/python3.12/site-packages/airflow/sdk/bases/operator.py","lineno":397,"name":"wrapper"},{"filename":"/home/airflow/.local/lib/python3.12/site-packages/airflow/providers/standard/operators/python.py","lineno":216,"name":"execute"},{"filename":"/home/airflow/.local/lib/python3.12/site-packages/airflow/providers/standard/operators/python.py","lineno":239,"name":"execute_callable"},{"filename":"/home/airflow/.local/lib/python3.12/site-packages/airflow/sdk/execution_time/callback_runner.py","lineno":81,"name":"run"},{"filename":"/opt/airflow/etl/scripts/transform_data.py","lineno":52,"name":"transform"}],"is_group":false,"exceptions":[]}]}
